0 silly argv {
0 silly argv   _: [ 'version' ],
0 silly argv   lernaVersion: '8.0.2',
0 silly argv   '$0': 'D:\\software\\nvm\\nodejs\\node_modules\\lerna\\dist\\cli.js'
0 silly argv }
1 notice cli v8.0.2
2 verbose packageConfigs Resolving packages based on package.json "workspaces" configuration.
3 verbose rootPath D:\project2\czj-cli-dev\czj-cli-dev
4 info current version 0.0.0
5 silly isAnythingCommitted
6 verbose isAnythingCommitted 1
7 silly getCurrentBranch
8 verbose currentBranch main
9 silly remoteBranchExists
10 silly isBehindUpstream
11 error Error: Command failed with exit code 1: git remote update
11 error fatal: unable to access 'https://github.com/cuizijian/czjCli.git/': Failed to connect to github.com port 443: Timed out
11 error error: Could not fetch origin
11 error Fetching origin
11 error     at makeError (D:\project2\czj-cli-dev\czj-cli-dev\node_modules\execa\lib\error.js:59:11)
11 error     at Function.module.exports.sync (D:\project2\czj-cli-dev\czj-cli-dev\node_modules\execa\index.js:186:17)
11 error     at Object.execSync (D:\project2\czj-cli-dev\czj-cli-dev\node_modules\lerna\dist\index.js:142:31)
11 error     at updateRemote (D:\project2\czj-cli-dev\czj-cli-dev\node_modules\lerna\dist\index.js:7769:18)
11 error     at isBehindUpstream (D:\project2\czj-cli-dev\czj-cli-dev\node_modules\lerna\dist\index.js:7759:3)
11 error     at VersionCommand.initialize (D:\project2\czj-cli-dev\czj-cli-dev\node_modules\lerna\dist\index.js:8050:57)
